[0m[1mmodule.aws.tls_private_key.boundary: Refreshing state... [id=7cb502a5844569dfeea86afd571c0cc086ee531e][0m
[0m[1mmodule.aws.random_pet.test: Refreshing state... [id=toucan][0m
[0m[1mmodule.aws.tls_self_signed_cert.boundary: Refreshing state... [id=43996025813509212393082840798968682828][0m
[0m[1mmodule.aws.aws_eip.nat[0]: Refreshing state... [id=eipalloc-3fe78d07][0m
[0m[1mmodule.aws.aws_eip.nat[1]: Refreshing state... [id=eipalloc-4ee98376][0m
[0m[1mmodule.aws.aws_acm_certificate.cert: Refreshing state... [id=arn:aws:acm:eu-central-1:874370287054:certificate/dd385b12-3e61-47cc-b772-b56d58aa30b1][0m
[0m[1mmodule.aws.aws_kms_key.worker_auth: Refreshing state... [id=808263e7-bd18-4e2d-b090-e29861b28d7a][0m
[0m[1mmodule.aws.aws_kms_key.root: Refreshing state... [id=2afc4e73-b799-49cd-8f8d-386f9d3e0671][0m
[0m[1mmodule.aws.aws_kms_key.recovery: Refreshing state... [id=779b7333-de13-4343-8a08-00ded2f2ccea][0m
[0m[1mmodule.aws.aws_iam_role.boundary: Refreshing state... [id=boundary-toucan][0m
[0m[1mmodule.aws.aws_vpc.main: Refreshing state... [id=vpc-0842d081522b11a38][0m
[0m[1mmodule.aws.aws_key_pair.boundary: Refreshing state... [id=boundary][0m
[0m[1mmodule.aws.aws_iam_instance_profile.boundary: Refreshing state... [id=boundary-toucan][0m
[0m[1mmodule.aws.aws_iam_role_policy.boundary: Refreshing state... [id=boundary-toucan:boundary-toucan][0m
[0m[1mmodule.aws.aws_lb_target_group.controller: Refreshing state... [id=arn:aws:elasticloadbalancing:eu-central-1:874370287054:targetgroup/boundary-controller-toucan/aa64c1872ade4517][0m
[0m[1mmodule.aws.aws_internet_gateway.this: Refreshing state... [id=igw-0561dbedf1a6f13fe][0m
[0m[1mmodule.aws.aws_security_group.controller_lb: Refreshing state... [id=sg-00f957e3fd6040bb1][0m
[0m[1mmodule.aws.aws_subnet.private[1]: Refreshing state... [id=subnet-082a6da187deab306][0m
[0m[1mmodule.aws.aws_subnet.public[1]: Refreshing state... [id=subnet-0a502e59183bdb348][0m
[0m[1mmodule.aws.aws_subnet.private[0]: Refreshing state... [id=subnet-06809e4d101a24c50][0m
[0m[1mmodule.aws.aws_subnet.public[0]: Refreshing state... [id=subnet-0ab7f0e6b9de00da6][0m
[0m[1mmodule.aws.aws_security_group.worker: Refreshing state... [id=sg-02bd612b6d71f62c6][0m
[0m[1mmodule.aws.aws_route_table.private[0]: Refreshing state... [id=rtb-094fc4aa8db3ef728][0m
[0m[1mmodule.aws.aws_route_table.public[0]: Refreshing state... [id=rtb-06263a455af9fe1e5][0m
[0m[1mmodule.aws.aws_security_group.controller: Refreshing state... [id=sg-025813cb1dad9d16e][0m
[0m[1mmodule.aws.aws_route_table.public[1]: Refreshing state... [id=rtb-09dba914f00b690fc][0m
[0m[1mmodule.aws.aws_security_group.db: Refreshing state... [id=sg-0e2165eda8795ecc9][0m
[0m[1mmodule.aws.aws_route_table.private[1]: Refreshing state... [id=rtb-0dd0b60a60d6c153a][0m
[0m[1mmodule.aws.aws_security_group_rule.allow_9200: Refreshing state... [id=sgrule-943014857][0m
[0m[1mmodule.aws.aws_nat_gateway.private[1]: Refreshing state... [id=nat-0bde245e08298285d][0m
[0m[1mmodule.aws.aws_nat_gateway.private[0]: Refreshing state... [id=nat-0903269d2dc86d8ed][0m
[0m[1mmodule.aws.aws_db_subnet_group.boundary: Refreshing state... [id=boundary][0m
[0m[1mmodule.aws.aws_lb.controller: Refreshing state... [id=arn:aws:elasticloadbalancing:eu-central-1:874370287054:loadbalancer/net/boundary-controller-toucan/513cee72418ccaad][0m
[0m[1mmodule.aws.aws_security_group_rule.allow_9202_worker: Refreshing state... [id=sgrule-972500171][0m
[0m[1mmodule.aws.aws_security_group_rule.allow_egress_worker: Refreshing state... [id=sgrule-951133625][0m
[0m[1mmodule.aws.aws_security_group_rule.allow_web_worker: Refreshing state... [id=sgrule-2970670762][0m
[0m[1mmodule.aws.aws_security_group_rule.allow_ssh_worker: Refreshing state... [id=sgrule-1504899502][0m
[0m[1mmodule.aws.aws_instance.target[0]: Refreshing state... [id=i-00e61f0d16a21d9e9][0m
[0m[1mmodule.aws.aws_security_group_rule.allow_9200_controller: Refreshing state... [id=sgrule-3017961165][0m
[0m[1mmodule.aws.aws_security_group_rule.allow_ssh_controller: Refreshing state... [id=sgrule-3581784293][0m
[0m[1mmodule.aws.aws_security_group_rule.allow_egress_controller: Refreshing state... [id=sgrule-1816399360][0m
[0m[1mmodule.aws.aws_security_group_rule.allow_any_ingress: Refreshing state... [id=sgrule-1314236029][0m
[0m[1mmodule.aws.aws_security_group_rule.allow_controller_sg: Refreshing state... [id=sgrule-2643149068][0m
[0m[1mmodule.aws.aws_route_table_association.private[1]: Refreshing state... [id=rtbassoc-0d268ac823aa1b636][0m
[0m[1mmodule.aws.aws_route_table_association.private[0]: Refreshing state... [id=rtbassoc-06472540dceeb6ed3][0m
[0m[1mmodule.aws.aws_security_group_rule.allow_9201_controller: Refreshing state... [id=sgrule-1371591374][0m
[0m[1mmodule.aws.aws_route.nat_gateway[0]: Refreshing state... [id=r-rtb-094fc4aa8db3ef7281080289494][0m
[0m[1mmodule.aws.aws_route.nat_gateway[1]: Refreshing state... [id=r-rtb-0dd0b60a60d6c153a1080289494][0m
[0m[1mmodule.aws.aws_route_table_association.public_subnets[0]: Refreshing state... [id=rtbassoc-0ae33ba4299686f24][0m
[0m[1mmodule.aws.aws_route_table_association.public_subnets[1]: Refreshing state... [id=rtbassoc-0f977e22bcc3c0412][0m
[0m[1mmodule.aws.aws_route.public_internet_gateway[1]: Refreshing state... [id=r-rtb-09dba914f00b690fc1080289494][0m
[0m[1mmodule.aws.aws_route.public_internet_gateway[0]: Refreshing state... [id=r-rtb-06263a455af9fe1e51080289494][0m
[0m[1mmodule.aws.aws_db_instance.boundary: Refreshing state... [id=terraform-20210428205042778500000005][0m
[0m[1mmodule.aws.aws_lb_listener.controller: Refreshing state... [id=arn:aws:elasticloadbalancing:eu-central-1:874370287054:listener/net/boundary-controller-toucan/513cee72418ccaad/7bea83d528b16943][0m
[0m[1mmodule.aws.aws_instance.controller[0]: Refreshing state... [id=i-07fafdd7a2bbecb7a][0m
[0m[1mmodule.aws.aws_instance.controller[1]: Refreshing state... [id=i-095d13a165110a54d][0m
[0m[1mmodule.aws.aws_instance.worker[0]: Refreshing state... [id=i-06d64566cb3d719a9][0m
[0m[1mmodule.aws.aws_lb_target_group_attachment.controller[1]: Refreshing state... [id=arn:aws:elasticloadbalancing:eu-central-1:874370287054:targetgroup/boundary-controller-toucan/aa64c1872ade4517-20210428205456696500000006][0m
[0m[1mmodule.aws.aws_lb_target_group_attachment.controller[0]: Refreshing state... [id=arn:aws:elasticloadbalancing:eu-central-1:874370287054:targetgroup/boundary-controller-toucan/aa64c1872ade4517-20210428205456721800000007][0m

Terraform used the selected providers to generate the following execution
plan. Resource actions are indicated with the following symbols:
  [32m+[0m create
[0m
Terraform will perform the following actions:

[1m  # module.aws.aws_lb_listener.controller[0m will be created[0m[0m
[0m  [32m+[0m[0m resource "aws_lb_listener" "controller" {
      [32m+[0m [0m[1m[0marn[0m[0m               = (known after apply)
      [32m+[0m [0m[1m[0mid[0m[0m                = (known after apply)
      [32m+[0m [0m[1m[0mload_balancer_arn[0m[0m = "arn:aws:elasticloadbalancing:eu-central-1:874370287054:loadbalancer/net/boundary-controller-toucan/513cee72418ccaad"
      [32m+[0m [0m[1m[0mport[0m[0m              = 9200
      [32m+[0m [0m[1m[0mprotocol[0m[0m          = "TCP"
      [32m+[0m [0m[1m[0mssl_policy[0m[0m        = (known after apply)

      [32m+[0m [0mdefault_action {
          [32m+[0m [0m[1m[0morder[0m[0m            = (known after apply)
          [32m+[0m [0m[1m[0mtarget_group_arn[0m[0m = "arn:aws:elasticloadbalancing:eu-central-1:874370287054:targetgroup/boundary-controller-toucan/aa64c1872ade4517"
          [32m+[0m [0m[1m[0mtype[0m[0m             = "forward"
        }
    }

[1m  # module.boundary.boundary_account.backend_user_acct["jim"][0m will be created[0m[0m
[0m  [32m+[0m[0m resource "boundary_account" "backend_user_acct" {
      [32m+[0m [0m[1m[0mauth_method_id[0m[0m = (known after apply)
      [32m+[0m [0m[1m[0mdescription[0m[0m    = "User account for jim"
      [32m+[0m [0m[1m[0mid[0m[0m             = (known after apply)
      [32m+[0m [0m[1m[0mlogin_name[0m[0m     = "jim"
      [32m+[0m [0m[1m[0mname[0m[0m           = "jim"
      [32m+[0m [0m[1m[0mpassword[0m[0m       = "foofoofoo"
      [32m+[0m [0m[1m[0mtype[0m[0m           = "password"
    }

[1m  # module.boundary.boundary_account.backend_user_acct["mike"][0m will be created[0m[0m
[0m  [32m+[0m[0m resource "boundary_account" "backend_user_acct" {
      [32m+[0m [0m[1m[0mauth_method_id[0m[0m = (known after apply)
      [32m+[0m [0m[1m[0mdescription[0m[0m    = "User account for mike"
      [32m+[0m [0m[1m[0mid[0m[0m             = (known after apply)
      [32m+[0m [0m[1m[0mlogin_name[0m[0m     = "mike"
      [32m+[0m [0m[1m[0mname[0m[0m           = "mike"
      [32m+[0m [0m[1m[0mpassword[0m[0m       = "foofoofoo"
      [32m+[0m [0m[1m[0mtype[0m[0m           = "password"
    }

[1m  # module.boundary.boundary_account.backend_user_acct["todd"][0m will be created[0m[0m
[0m  [32m+[0m[0m resource "boundary_account" "backend_user_acct" {
      [32m+[0m [0m[1m[0mauth_method_id[0m[0m = (known after apply)
      [32m+[0m [0m[1m[0mdescription[0m[0m    = "User account for todd"
      [32m+[0m [0m[1m[0mid[0m[0m             = (known after apply)
      [32m+[0m [0m[1m[0mlogin_name[0m[0m     = "todd"
      [32m+[0m [0m[1m[0mname[0m[0m           = "todd"
      [32m+[0m [0m[1m[0mpassword[0m[0m       = "foofoofoo"
      [32m+[0m [0m[1m[0mtype[0m[0m           = "password"
    }

[1m  # module.boundary.boundary_account.frontend_user_acct["randy"][0m will be created[0m[0m
[0m  [32m+[0m[0m resource "boundary_account" "frontend_user_acct" {
      [32m+[0m [0m[1m[0mauth_method_id[0m[0m = (known after apply)
      [32m+[0m [0m[1m[0mdescription[0m[0m    = "User account for randy"
      [32m+[0m [0m[1m[0mid[0m[0m             = (known after apply)
      [32m+[0m [0m[1m[0mlogin_name[0m[0m     = "randy"
      [32m+[0m [0m[1m[0mname[0m[0m           = "randy"
      [32m+[0m [0m[1m[0mpassword[0m[0m       = "foofoofoo"
      [32m+[0m [0m[1m[0mtype[0m[0m           = "password"
    }

[1m  # module.boundary.boundary_account.frontend_user_acct["susmitha"][0m will be created[0m[0m
[0m  [32m+[0m[0m resource "boundary_account" "frontend_user_acct" {
      [32m+[0m [0m[1m[0mauth_method_id[0m[0m = (known after apply)
      [32m+[0m [0m[1m[0mdescription[0m[0m    = "User account for susmitha"
      [32m+[0m [0m[1m[0mid[0m[0m             = (known after apply)
      [32m+[0m [0m[1m[0mlogin_name[0m[0m     = "susmitha"
      [32m+[0m [0m[1m[0mname[0m[0m           = "susmitha"
      [32m+[0m [0m[1m[0mpassword[0m[0m       = "foofoofoo"
      [32m+[0m [0m[1m[0mtype[0m[0m           = "password"
    }

[1m  # module.boundary.boundary_account.leadership_user_acct["jeff"][0m will be created[0m[0m
[0m  [32m+[0m[0m resource "boundary_account" "leadership_user_acct" {
      [32m+[0m [0m[1m[0mauth_method_id[0m[0m = (known after apply)
      [32m+[0m [0m[1m[0mdescription[0m[0m    = "User account for jeff"
      [32m+[0m [0m[1m[0mid[0m[0m             = (known after apply)
      [32m+[0m [0m[1m[0mlogin_name[0m[0m     = "jeff"
      [32m+[0m [0m[1m[0mname[0m[0m           = "jeff"
      [32m+[0m [0m[1m[0mpassword[0m[0m       = "foofoofoo"
      [32m+[0m [0m[1m[0mtype[0m[0m           = "password"
    }

[1m  # module.boundary.boundary_account.leadership_user_acct["jonathan"][0m will be created[0m[0m
[0m  [32m+[0m[0m resource "boundary_account" "leadership_user_acct" {
      [32m+[0m [0m[1m[0mauth_method_id[0m[0m = (known after apply)
      [32m+[0m [0m[1m[0mdescription[0m[0m    = "User account for jonathan"
      [32m+[0m [0m[1m[0mid[0m[0m             = (known after apply)
      [32m+[0m [0m[1m[0mlogin_name[0m[0m     = "jonathan"
      [32m+[0m [0m[1m[0mname[0m[0m           = "jonathan"
      [32m+[0m [0m[1m[0mpassword[0m[0m       = "foofoofoo"
      [32m+[0m [0m[1m[0mtype[0m[0m           = "password"
    }

[1m  # module.boundary.boundary_account.leadership_user_acct["malnick"][0m will be created[0m[0m
[0m  [32m+[0m[0m resource "boundary_account" "leadership_user_acct" {
      [32m+[0m [0m[1m[0mauth_method_id[0m[0m = (known after apply)
      [32m+[0m [0m[1m[0mdescription[0m[0m    = "User account for malnick"
      [32m+[0m [0m[1m[0mid[0m[0m             = (known after apply)
      [32m+[0m [0m[1m[0mlogin_name[0m[0m     = "malnick"
      [32m+[0m [0m[1m[0mname[0m[0m           = "malnick"
      [32m+[0m [0m[1m[0mpassword[0m[0m       = "foofoofoo"
      [32m+[0m [0m[1m[0mtype[0m[0m           = "password"
    }

[1m  # module.boundary.boundary_account.leadership_user_acct["pete"][0m will be created[0m[0m
[0m  [32m+[0m[0m resource "boundary_account" "leadership_user_acct" {
      [32m+[0m [0m[1m[0mauth_method_id[0m[0m = (known after apply)
      [32m+[0m [0m[1m[0mdescription[0m[0m    = "User account for pete"
      [32m+[0m [0m[1m[0mid[0m[0m             = (known after apply)
      [32m+[0m [0m[1m[0mlogin_name[0m[0m     = "pete"
      [32m+[0m [0m[1m[0mname[0m[0m           = "pete"
      [32m+[0m [0m[1m[0mpassword[0m[0m       = "foofoofoo"
      [32m+[0m [0m[1m[0mtype[0m[0m           = "password"
    }

[1m  # module.boundary.boundary_auth_method.password[0m will be created[0m[0m
[0m  [32m+[0m[0m resource "boundary_auth_method" "password" {
      [32m+[0m [0m[1m[0mdescription[0m[0m           = "Password auth method for Corp org"
      [32m+[0m [0m[1m[0mid[0m[0m                    = (known after apply)
      [32m+[0m [0m[1m[0mmin_login_name_length[0m[0m = (known after apply)
      [32m+[0m [0m[1m[0mmin_password_length[0m[0m   = (known after apply)
      [32m+[0m [0m[1m[0mname[0m[0m                  = "corp_password_auth_method"
      [32m+[0m [0m[1m[0mscope_id[0m[0m              = (known after apply)
      [32m+[0m [0m[1m[0mtype[0m[0m                  = "password"
    }

[1m  # module.boundary.boundary_group.backend_core_infra[0m will be created[0m[0m
[0m  [32m+[0m[0m resource "boundary_group" "backend_core_infra" {
      [32m+[0m [0m[1m[0mdescription[0m[0m = "Backend team group"
      [32m+[0m [0m[1m[0mid[0m[0m          = (known after apply)
      [32m+[0m [0m[1m[0mmember_ids[0m[0m  = (known after apply)
      [32m+[0m [0m[1m[0mname[0m[0m        = "backend"
      [32m+[0m [0m[1m[0mscope_id[0m[0m    = (known after apply)
    }

[1m  # module.boundary.boundary_group.frontend_core_infra[0m will be created[0m[0m
[0m  [32m+[0m[0m resource "boundary_group" "frontend_core_infra" {
      [32m+[0m [0m[1m[0mdescription[0m[0m = "Frontend team group"
      [32m+[0m [0m[1m[0mid[0m[0m          = (known after apply)
      [32m+[0m [0m[1m[0mmember_ids[0m[0m  = (known after apply)
      [32m+[0m [0m[1m[0mname[0m[0m        = "frontend"
      [32m+[0m [0m[1m[0mscope_id[0m[0m    = (known after apply)
    }

[1m  # module.boundary.boundary_group.leadership[0m will be created[0m[0m
[0m  [32m+[0m[0m resource "boundary_group" "leadership" {
      [32m+[0m [0m[1m[0mdescription[0m[0m = "Organization group for leadership team"
      [32m+[0m [0m[1m[0mid[0m[0m          = (known after apply)
      [32m+[0m [0m[1m[0mmember_ids[0m[0m  = (known after apply)
      [32m+[0m [0m[1m[0mname[0m[0m        = "leadership_team"
      [32m+[0m [0m[1m[0mscope_id[0m[0m    = (known after apply)
    }

[1m  # module.boundary.boundary_host.backend_servers["10.0.100.13"][0m will be created[0m[0m
[0m  [32m+[0m[0m resource "boundary_host" "backend_servers" {
      [32m+[0m [0m[1m[0maddress[0m[0m         = "10.0.100.13"
      [32m+[0m [0m[1m[0mdescription[0m[0m     = "Backend server #10.0.100.13"
      [32m+[0m [0m[1m[0mhost_catalog_id[0m[0m = (known after apply)
      [32m+[0m [0m[1m[0mid[0m[0m              = (known after apply)
      [32m+[0m [0m[1m[0mname[0m[0m            = "backend_server_10.0.100.13"
      [32m+[0m [0m[1m[0mtype[0m[0m            = "static"
    }

[1m  # module.boundary.boundary_host_catalog.backend_servers[0m will be created[0m[0m
[0m  [32m+[0m[0m resource "boundary_host_catalog" "backend_servers" {
      [32m+[0m [0m[1m[0mdescription[0m[0m = "Web servers for backend team"
      [32m+[0m [0m[1m[0mid[0m[0m          = (known after apply)
      [32m+[0m [0m[1m[0mname[0m[0m        = "backend_servers"
      [32m+[0m [0m[1m[0mscope_id[0m[0m    = (known after apply)
      [32m+[0m [0m[1m[0mtype[0m[0m        = "static"
    }

[1m  # module.boundary.boundary_host_set.backend_servers[0m will be created[0m[0m
[0m  [32m+[0m[0m resource "boundary_host_set" "backend_servers" {
      [32m+[0m [0m[1m[0mdescription[0m[0m     = "Host set for backend servers"
      [32m+[0m [0m[1m[0mhost_catalog_id[0m[0m = (known after apply)
      [32m+[0m [0m[1m[0mhost_ids[0m[0m        = (known after apply)
      [32m+[0m [0m[1m[0mid[0m[0m              = (known after apply)
      [32m+[0m [0m[1m[0mname[0m[0m            = "backend_servers"
      [32m+[0m [0m[1m[0mtype[0m[0m            = "static"
    }

[1m  # module.boundary.boundary_role.global_anon_listing[0m will be created[0m[0m
[0m  [32m+[0m[0m resource "boundary_role" "global_anon_listing" {
      [32m+[0m [0m[1m[0mgrant_scope_id[0m[0m = (known after apply)
      [32m+[0m [0m[1m[0mgrant_strings[0m[0m  = [
          [32m+[0m [0m"id=*;type=auth-method;actions=list,authenticate",
          [32m+[0m [0m"id={{account.id}};actions=read,change-password",
          [32m+[0m [0m"type=scope;actions=list",
        ]
      [32m+[0m [0m[1m[0mid[0m[0m             = (known after apply)
      [32m+[0m [0m[1m[0mprincipal_ids[0m[0m  = [
          [32m+[0m [0m"u_anon",
        ]
      [32m+[0m [0m[1m[0mscope_id[0m[0m       = (known after apply)
    }

[1m  # module.boundary.boundary_role.org_admin[0m will be created[0m[0m
[0m  [32m+[0m[0m resource "boundary_role" "org_admin" {
      [32m+[0m [0m[1m[0mgrant_scope_id[0m[0m = (known after apply)
      [32m+[0m [0m[1m[0mgrant_strings[0m[0m  = [
          [32m+[0m [0m"id=*;type=*;actions=*",
        ]
      [32m+[0m [0m[1m[0mid[0m[0m             = (known after apply)
      [32m+[0m [0m[1m[0mprincipal_ids[0m[0m  = (known after apply)
      [32m+[0m [0m[1m[0mscope_id[0m[0m       = (known after apply)
    }

[1m  # module.boundary.boundary_role.org_anon_listing[0m will be created[0m[0m
[0m  [32m+[0m[0m resource "boundary_role" "org_anon_listing" {
      [32m+[0m [0m[1m[0mgrant_scope_id[0m[0m = (known after apply)
      [32m+[0m [0m[1m[0mgrant_strings[0m[0m  = [
          [32m+[0m [0m"id=*;type=auth-method;actions=list,authenticate",
          [32m+[0m [0m"id={{account.id}};actions=read,change-password",
          [32m+[0m [0m"type=scope;actions=list",
        ]
      [32m+[0m [0m[1m[0mid[0m[0m             = (known after apply)
      [32m+[0m [0m[1m[0mprincipal_ids[0m[0m  = [
          [32m+[0m [0m"u_anon",
        ]
      [32m+[0m [0m[1m[0mscope_id[0m[0m       = (known after apply)
    }

[1m  # module.boundary.boundary_role.org_readonly[0m will be created[0m[0m
[0m  [32m+[0m[0m resource "boundary_role" "org_readonly" {
      [32m+[0m [0m[1m[0mdescription[0m[0m    = "Read-only role"
      [32m+[0m [0m[1m[0mgrant_scope_id[0m[0m = (known after apply)
      [32m+[0m [0m[1m[0mgrant_strings[0m[0m  = [
          [32m+[0m [0m"id=*;type=*;actions=read",
        ]
      [32m+[0m [0m[1m[0mid[0m[0m             = (known after apply)
      [32m+[0m [0m[1m[0mname[0m[0m           = "readonly"
      [32m+[0m [0m[1m[0mprincipal_ids[0m[0m  = (known after apply)
      [32m+[0m [0m[1m[0mscope_id[0m[0m       = (known after apply)
    }

[1m  # module.boundary.boundary_role.project_admin[0m will be created[0m[0m
[0m  [32m+[0m[0m resource "boundary_role" "project_admin" {
      [32m+[0m [0m[1m[0mdescription[0m[0m    = "Administrator role for core infra"
      [32m+[0m [0m[1m[0mgrant_scope_id[0m[0m = (known after apply)
      [32m+[0m [0m[1m[0mgrant_strings[0m[0m  = [
          [32m+[0m [0m"id=*;type=*;actions=*",
        ]
      [32m+[0m [0m[1m[0mid[0m[0m             = (known after apply)
      [32m+[0m [0m[1m[0mname[0m[0m           = "core_infra_admin"
      [32m+[0m [0m[1m[0mprincipal_ids[0m[0m  = (known after apply)
      [32m+[0m [0m[1m[0mscope_id[0m[0m       = (known after apply)
    }

[1m  # module.boundary.boundary_scope.core_infra[0m will be created[0m[0m
[0m  [32m+[0m[0m resource "boundary_scope" "core_infra" {
      [32m+[0m [0m[1m[0mauto_create_admin_role[0m[0m   = true
      [32m+[0m [0m[1m[0mauto_create_default_role[0m[0m = true
      [32m+[0m [0m[1m[0mdescription[0m[0m              = "Backend infrastrcture project"
      [32m+[0m [0m[1m[0mid[0m[0m                       = (known after apply)
      [32m+[0m [0m[1m[0mname[0m[0m                     = "core_infra"
      [32m+[0m [0m[1m[0mscope_id[0m[0m                 = (known after apply)
    }

[1m  # module.boundary.boundary_scope.global[0m will be created[0m[0m
[0m  [32m+[0m[0m resource "boundary_scope" "global" {
      [32m+[0m [0m[1m[0mglobal_scope[0m[0m = true
      [32m+[0m [0m[1m[0mid[0m[0m           = (known after apply)
      [32m+[0m [0m[1m[0mname[0m[0m         = "global"
      [32m+[0m [0m[1m[0mscope_id[0m[0m     = "global"
    }

[1m  # module.boundary.boundary_scope.org[0m will be created[0m[0m
[0m  [32m+[0m[0m resource "boundary_scope" "org" {
      [32m+[0m [0m[1m[0mdescription[0m[0m = "Organization scope"
      [32m+[0m [0m[1m[0mid[0m[0m          = (known after apply)
      [32m+[0m [0m[1m[0mname[0m[0m        = "organization"
      [32m+[0m [0m[1m[0mscope_id[0m[0m    = (known after apply)
    }

[1m  # module.boundary.boundary_target.backend_servers_ssh[0m will be created[0m[0m
[0m  [32m+[0m[0m resource "boundary_target" "backend_servers_ssh" {
      [32m+[0m [0m[1m[0mdefault_port[0m[0m             = 22
      [32m+[0m [0m[1m[0mdescription[0m[0m              = "Backend SSH target"
      [32m+[0m [0m[1m[0mhost_set_ids[0m[0m             = (known after apply)
      [32m+[0m [0m[1m[0mid[0m[0m                       = (known after apply)
      [32m+[0m [0m[1m[0mname[0m[0m                     = "backend_servers_ssh"
      [32m+[0m [0m[1m[0mscope_id[0m[0m                 = (known after apply)
      [32m+[0m [0m[1m[0msession_connection_limit[0m[0m = -1
      [32m+[0m [0m[1m[0msession_max_seconds[0m[0m      = (known after apply)
      [32m+[0m [0m[1m[0mtype[0m[0m                     = "tcp"
    }

[1m  # module.boundary.boundary_target.backend_servers_website[0m will be created[0m[0m
[0m  [32m+[0m[0m resource "boundary_target" "backend_servers_website" {
      [32m+[0m [0m[1m[0mdefault_port[0m[0m             = 8000
      [32m+[0m [0m[1m[0mdescription[0m[0m              = "Backend website target"
      [32m+[0m [0m[1m[0mhost_set_ids[0m[0m             = (known after apply)
      [32m+[0m [0m[1m[0mid[0m[0m                       = (known after apply)
      [32m+[0m [0m[1m[0mname[0m[0m                     = "backend_servers_website"
      [32m+[0m [0m[1m[0mscope_id[0m[0m                 = (known after apply)
      [32m+[0m [0m[1m[0msession_connection_limit[0m[0m = -1
      [32m+[0m [0m[1m[0msession_max_seconds[0m[0m      = (known after apply)
      [32m+[0m [0m[1m[0mtype[0m[0m                     = "tcp"
    }

[1m  # module.boundary.boundary_user.backend["jim"][0m will be created[0m[0m
[0m  [32m+[0m[0m resource "boundary_user" "backend" {
      [32m+[0m [0m[1m[0maccount_ids[0m[0m = (known after apply)
      [32m+[0m [0m[1m[0mdescription[0m[0m = "Backend user: jim"
      [32m+[0m [0m[1m[0mid[0m[0m          = (known after apply)
      [32m+[0m [0m[1m[0mname[0m[0m        = "jim"
      [32m+[0m [0m[1m[0mscope_id[0m[0m    = (known after apply)
    }

[1m  # module.boundary.boundary_user.backend["mike"][0m will be created[0m[0m
[0m  [32m+[0m[0m resource "boundary_user" "backend" {
      [32m+[0m [0m[1m[0maccount_ids[0m[0m = (known after apply)
      [32m+[0m [0m[1m[0mdescription[0m[0m = "Backend user: mike"
      [32m+[0m [0m[1m[0mid[0m[0m          = (known after apply)
      [32m+[0m [0m[1m[0mname[0m[0m        = "mike"
      [32m+[0m [0m[1m[0mscope_id[0m[0m    = (known after apply)
    }

[1m  # module.boundary.boundary_user.backend["todd"][0m will be created[0m[0m
[0m  [32m+[0m[0m resource "boundary_user" "backend" {
      [32m+[0m [0m[1m[0maccount_ids[0m[0m = (known after apply)
      [32m+[0m [0m[1m[0mdescription[0m[0m = "Backend user: todd"
      [32m+[0m [0m[1m[0mid[0m[0m          = (known after apply)
      [32m+[0m [0m[1m[0mname[0m[0m        = "todd"
      [32m+[0m [0m[1m[0mscope_id[0m[0m    = (known after apply)
    }

[1m  # module.boundary.boundary_user.frontend["randy"][0m will be created[0m[0m
[0m  [32m+[0m[0m resource "boundary_user" "frontend" {
      [32m+[0m [0m[1m[0maccount_ids[0m[0m = (known after apply)
      [32m+[0m [0m[1m[0mdescription[0m[0m = "Frontend user: randy"
      [32m+[0m [0m[1m[0mid[0m[0m          = (known after apply)
      [32m+[0m [0m[1m[0mname[0m[0m        = "randy"
      [32m+[0m [0m[1m[0mscope_id[0m[0m    = (known after apply)
    }

[1m  # module.boundary.boundary_user.frontend["susmitha"][0m will be created[0m[0m
[0m  [32m+[0m[0m resource "boundary_user" "frontend" {
      [32m+[0m [0m[1m[0maccount_ids[0m[0m = (known after apply)
      [32m+[0m [0m[1m[0mdescription[0m[0m = "Frontend user: susmitha"
      [32m+[0m [0m[1m[0mid[0m[0m          = (known after apply)
      [32m+[0m [0m[1m[0mname[0m[0m        = "susmitha"
      [32m+[0m [0m[1m[0mscope_id[0m[0m    = (known after apply)
    }

[1m  # module.boundary.boundary_user.leadership["jeff"][0m will be created[0m[0m
[0m  [32m+[0m[0m resource "boundary_user" "leadership" {
      [32m+[0m [0m[1m[0maccount_ids[0m[0m = (known after apply)
      [32m+[0m [0m[1m[0mdescription[0m[0m = "WARNING: Managers should be read-only"
      [32m+[0m [0m[1m[0mid[0m[0m          = (known after apply)
      [32m+[0m [0m[1m[0mname[0m[0m        = "jeff"
      [32m+[0m [0m[1m[0mscope_id[0m[0m    = (known after apply)
    }

[1m  # module.boundary.boundary_user.leadership["jonathan"][0m will be created[0m[0m
[0m  [32m+[0m[0m resource "boundary_user" "leadership" {
      [32m+[0m [0m[1m[0maccount_ids[0m[0m = (known after apply)
      [32m+[0m [0m[1m[0mdescription[0m[0m = "WARNING: Managers should be read-only"
      [32m+[0m [0m[1m[0mid[0m[0m          = (known after apply)
      [32m+[0m [0m[1m[0mname[0m[0m        = "jonathan"
      [32m+[0m [0m[1m[0mscope_id[0m[0m    = (known after apply)
    }

[1m  # module.boundary.boundary_user.leadership["malnick"][0m will be created[0m[0m
[0m  [32m+[0m[0m resource "boundary_user" "leadership" {
      [32m+[0m [0m[1m[0maccount_ids[0m[0m = (known after apply)
      [32m+[0m [0m[1m[0mdescription[0m[0m = "WARNING: Managers should be read-only"
      [32m+[0m [0m[1m[0mid[0m[0m          = (known after apply)
      [32m+[0m [0m[1m[0mname[0m[0m        = "malnick"
      [32m+[0m [0m[1m[0mscope_id[0m[0m    = (known after apply)
    }

[1m  # module.boundary.boundary_user.leadership["pete"][0m will be created[0m[0m
[0m  [32m+[0m[0m resource "boundary_user" "leadership" {
      [32m+[0m [0m[1m[0maccount_ids[0m[0m = (known after apply)
      [32m+[0m [0m[1m[0mdescription[0m[0m = "WARNING: Managers should be read-only"
      [32m+[0m [0m[1m[0mid[0m[0m          = (known after apply)
      [32m+[0m [0m[1m[0mname[0m[0m        = "pete"
      [32m+[0m [0m[1m[0mscope_id[0m[0m    = (known after apply)
    }

[0m[1mPlan:[0m 36 to add, 0 to change, 0 to destroy.
[0m[33m╷[0m[0m
[33m│[0m [0m[1m[33mWarning: [0m[0m[1mVersion constraints inside provider configuration blocks are deprecated[0m
[33m│[0m [0m
[33m│[0m [0m[0m  on aws/net.tf line 2, in provider "aws":
[33m│[0m [0m   2:   version = [4m"~> 3.0"[0m[0m
[33m│[0m [0m
[33m│[0m [0mTerraform 0.13 and earlier allowed provider version constraints inside the provider configuration block, but that is now deprecated and will be removed in a future version of Terraform. To silence this warning, move the
[33m│[0m [0mprovider version constraint into the required_providers block.
[33m╵[0m[0m
[0m[1m
Do you want to perform these actions?[0m
  Terraform will perform the actions described above.
  Only 'yes' will be accepted to approve.

  [1mEnter a value:[0m [0m
[0m[1mmodule.aws.aws_lb_listener.controller: Creating...[0m[0m
[0m[1mmodule.boundary.boundary_scope.global: Creating...[0m[0m
[0m[1mmodule.boundary.boundary_scope.global: Creation complete after 0s [id=global][0m
[0m[1mmodule.boundary.boundary_role.global_anon_listing: Creating...[0m[0m
[0m[1mmodule.boundary.boundary_scope.org: Creating...[0m[0m
[0m[1mmodule.boundary.boundary_scope.org: Creation complete after 1s [id=o_NLegDVWYby][0m
[0m[1mmodule.boundary.boundary_scope.core_infra: Creating...[0m[0m
[0m[1mmodule.boundary.boundary_role.org_anon_listing: Creating...[0m[0m
[0m[1mmodule.boundary.boundary_auth_method.password: Creating...[0m[0m
[0m[1mmodule.boundary.boundary_auth_method.password: Creation complete after 0s [id=ampw_5ZVMoigeXx][0m
[0m[1mmodule.boundary.boundary_account.leadership_user_acct["jonathan"]: Creating...[0m[0m
[0m[1mmodule.boundary.boundary_account.backend_user_acct["todd"]: Creating...[0m[0m
[0m[1mmodule.boundary.boundary_account.frontend_user_acct["susmitha"]: Creating...[0m[0m
[0m[1mmodule.boundary.boundary_account.leadership_user_acct["pete"]: Creating...[0m[0m
[0m[1mmodule.boundary.boundary_account.leadership_user_acct["jeff"]: Creating...[0m[0m
[0m[1mmodule.boundary.boundary_account.leadership_user_acct["malnick"]: Creating...[0m[0m
[0m[1mmodule.boundary.boundary_account.backend_user_acct["jim"]: Creating...[0m[0m
[0m[1mmodule.boundary.boundary_scope.core_infra: Creation complete after 0s [id=p_sXuTDH5ngL][0m
[0m[1mmodule.boundary.boundary_account.backend_user_acct["mike"]: Creating...[0m[0m
[0m[1mmodule.boundary.boundary_account.leadership_user_acct["jonathan"]: Creation complete after 1s [id=apw_94B1brEF3L][0m
[0m[1mmodule.boundary.boundary_account.frontend_user_acct["randy"]: Creating...[0m[0m
[0m[1mmodule.boundary.boundary_account.leadership_user_acct["jeff"]: Creation complete after 1s [id=apw_wI8pnQpYMI][0m
[0m[1mmodule.boundary.boundary_host_catalog.backend_servers: Creating...[0m[0m
[0m[1mmodule.boundary.boundary_account.frontend_user_acct["susmitha"]: Creation complete after 1s [id=apw_698eTPfLRP][0m
[0m[1mmodule.boundary.boundary_account.backend_user_acct["todd"]: Creation complete after 1s [id=apw_dfBglRpSS6][0m
[0m[1mmodule.boundary.boundary_account.leadership_user_acct["malnick"]: Creation complete after 2s [id=apw_NSQAIycY14][0m
[0m[1mmodule.boundary.boundary_account.leadership_user_acct["pete"]: Creation complete after 2s [id=apw_hkiSOTT6Cn][0m
[0m[1mmodule.boundary.boundary_user.leadership["jonathan"]: Creating...[0m[0m
[0m[1mmodule.boundary.boundary_user.leadership["jeff"]: Creating...[0m[0m
[0m[1mmodule.boundary.boundary_user.leadership["pete"]: Creating...[0m[0m
[0m[1mmodule.boundary.boundary_user.leadership["malnick"]: Creating...[0m[0m
[0m[1mmodule.boundary.boundary_account.backend_user_acct["jim"]: Creation complete after 2s [id=apw_bWrfefBEZ9][0m
[0m[1mmodule.boundary.boundary_account.backend_user_acct["mike"]: Creation complete after 2s [id=apw_lQ5B0WqFn1][0m
[0m[1mmodule.boundary.boundary_user.backend["todd"]: Creating...[0m[0m
[0m[1mmodule.boundary.boundary_user.backend["jim"]: Creating...[0m[0m
[0m[1mmodule.boundary.boundary_host_catalog.backend_servers: Creation complete after 2s [id=hcst_Gfun6QusY5][0m
[0m[1mmodule.boundary.boundary_user.backend["mike"]: Creating...[0m[0m
[0m[1mmodule.boundary.boundary_account.frontend_user_acct["randy"]: Creation complete after 2s [id=apw_LcURMY2xFo][0m
[0m[1mmodule.boundary.boundary_host.backend_servers["10.0.100.13"]: Creating...[0m[0m
[0m[1mmodule.boundary.boundary_role.global_anon_listing: Creation complete after 5s [id=r_NLuVSobppk][0m
[0m[1mmodule.boundary.boundary_user.frontend["randy"]: Creating...[0m[0m
[0m[1mmodule.boundary.boundary_host.backend_servers["10.0.100.13"]: Creation complete after 2s [id=hst_ZhUcq1OCFs][0m
[0m[1mmodule.boundary.boundary_user.frontend["susmitha"]: Creating...[0m[0m
[0m[1mmodule.boundary.boundary_user.leadership["jeff"]: Creation complete after 3s [id=u_rCYgTCA5uT][0m
[0m[1mmodule.boundary.boundary_host_set.backend_servers: Creating...[0m[0m
[0m[1mmodule.boundary.boundary_user.leadership["jonathan"]: Creation complete after 3s [id=u_DlXcxXc7g6][0m
[0m[1mmodule.boundary.boundary_user.leadership["pete"]: Creation complete after 3s [id=u_ieitfWkQDr][0m
[0m[1mmodule.boundary.boundary_user.leadership["malnick"]: Creation complete after 3s [id=u_gDqYRqrIhx][0m
[0m[1mmodule.boundary.boundary_group.leadership: Creating...[0m[0m
[0m[1mmodule.boundary.boundary_user.backend["jim"]: Creation complete after 4s [id=u_MA2vKhkamL][0m
[0m[1mmodule.boundary.boundary_user.backend["todd"]: Creation complete after 4s [id=u_i9xFif6Qbn][0m
[0m[1mmodule.boundary.boundary_role.org_anon_listing: Creation complete after 6s [id=r_RTe2uU9hRe][0m
[0m[1mmodule.boundary.boundary_user.backend["mike"]: Creation complete after 3s [id=u_94uYk7hVRt][0m
[0m[1mmodule.boundary.boundary_group.backend_core_infra: Creating...[0m[0m
[0m[1mmodule.boundary.boundary_user.frontend["randy"]: Creation complete after 3s [id=u_4GyiXAfMJv][0m
[0m[1mmodule.boundary.boundary_user.frontend["susmitha"]: Creation complete after 3s [id=u_pOOhBuVP1P][0m
[0m[1mmodule.boundary.boundary_role.org_admin: Creating...[0m[0m
[0m[1mmodule.boundary.boundary_group.frontend_core_infra: Creating...[0m[0m
[0m[1mmodule.boundary.boundary_role.project_admin: Creating...[0m[0m
[0m[1mmodule.boundary.boundary_host_set.backend_servers: Creation complete after 3s [id=hsst_CBllvZosTU][0m
[0m[1mmodule.boundary.boundary_target.backend_servers_ssh: Creating...[0m[0m
[0m[1mmodule.boundary.boundary_target.backend_servers_website: Creating...[0m[0m
[0m[1mmodule.boundary.boundary_group.leadership: Creation complete after 3s [id=g_KOjUTPN04W][0m
[0m[1mmodule.boundary.boundary_role.org_readonly: Creating...[0m[0m
[0m[1mmodule.boundary.boundary_group.backend_core_infra: Creation complete after 1s [id=g_ZhLmVrqC4S][0m
[0m[1mmodule.boundary.boundary_group.frontend_core_infra: Creation complete after 2s [id=g_pOQFMDIjHm][0m
[0m[1mmodule.boundary.boundary_target.backend_servers_ssh: Creation complete after 2s [id=ttcp_ZKDpOqqQpv][0m
[0m[1mmodule.boundary.boundary_target.backend_servers_website: Creation complete after 2s [id=ttcp_scHWvYyp3S][0m
[0m[1mmodule.boundary.boundary_role.org_admin: Creation complete after 4s [id=r_gJqwzn74s6][0m
[0m[1mmodule.boundary.boundary_role.project_admin: Creation complete after 4s [id=r_2lPCJG9p84][0m
[0m[1mmodule.boundary.boundary_role.org_readonly: Creation complete after 4s [id=r_WdNd7Csk8a][0m
