[0m[1mmodule.aws.tls_private_key.boundary: Refreshing state... [id=7cb502a5844569dfeea86afd571c0cc086ee531e][0m
[0m[1mmodule.aws.random_pet.test: Refreshing state... [id=toucan][0m
[0m[1mmodule.aws.tls_self_signed_cert.boundary: Refreshing state... [id=43996025813509212393082840798968682828][0m
[0m[1mmodule.aws.aws_eip.nat[0]: Refreshing state... [id=eipalloc-3fe78d07][0m
[0m[1mmodule.aws.aws_acm_certificate.cert: Refreshing state... [id=arn:aws:acm:eu-central-1:874370287054:certificate/dd385b12-3e61-47cc-b772-b56d58aa30b1][0m
[0m[1mmodule.aws.aws_kms_key.recovery: Refreshing state... [id=779b7333-de13-4343-8a08-00ded2f2ccea][0m
[0m[1mmodule.aws.aws_iam_role.boundary: Refreshing state... [id=boundary-toucan][0m
[0m[1mmodule.aws.aws_kms_key.worker_auth: Refreshing state... [id=808263e7-bd18-4e2d-b090-e29861b28d7a][0m
[0m[1mmodule.aws.aws_kms_key.root: Refreshing state... [id=2afc4e73-b799-49cd-8f8d-386f9d3e0671][0m
[0m[1mmodule.aws.aws_key_pair.boundary: Refreshing state... [id=boundary][0m
[0m[1mmodule.aws.aws_eip.nat[1]: Refreshing state... [id=eipalloc-4ee98376][0m
[0m[1mmodule.aws.aws_vpc.main: Refreshing state... [id=vpc-0842d081522b11a38][0m
[0m[1mmodule.aws.aws_iam_role_policy.boundary: Refreshing state... [id=boundary-toucan:boundary-toucan][0m
[0m[1mmodule.aws.aws_iam_instance_profile.boundary: Refreshing state... [id=boundary-toucan][0m
[0m[1mmodule.aws.aws_lb_target_group.controller: Refreshing state... [id=arn:aws:elasticloadbalancing:eu-central-1:874370287054:targetgroup/boundary-controller-toucan/aa64c1872ade4517][0m
[0m[1mmodule.aws.aws_subnet.private[0]: Refreshing state... [id=subnet-06809e4d101a24c50][0m
[0m[1mmodule.aws.aws_internet_gateway.this: Refreshing state... [id=igw-0561dbedf1a6f13fe][0m
[0m[1mmodule.aws.aws_subnet.private[1]: Refreshing state... [id=subnet-082a6da187deab306][0m
[0m[1mmodule.aws.aws_security_group.db: Refreshing state... [id=sg-0e2165eda8795ecc9][0m
[0m[1mmodule.aws.aws_security_group.worker: Refreshing state... [id=sg-02bd612b6d71f62c6][0m
[0m[1mmodule.aws.aws_subnet.public[1]: Refreshing state... [id=subnet-0a502e59183bdb348][0m
[0m[1mmodule.aws.aws_subnet.public[0]: Refreshing state... [id=subnet-0ab7f0e6b9de00da6][0m
[0m[1mmodule.aws.aws_security_group.controller: Refreshing state... [id=sg-025813cb1dad9d16e][0m
[0m[1mmodule.aws.aws_route_table.private[0]: Refreshing state... [id=rtb-094fc4aa8db3ef728][0m
[0m[1mmodule.aws.aws_route_table.private[1]: Refreshing state... [id=rtb-0dd0b60a60d6c153a][0m
[0m[1mmodule.aws.aws_security_group.controller_lb: Refreshing state... [id=sg-00f957e3fd6040bb1][0m
[0m[1mmodule.aws.aws_route_table.public[1]: Refreshing state... [id=rtb-09dba914f00b690fc][0m
[0m[1mmodule.aws.aws_route_table.public[0]: Refreshing state... [id=rtb-06263a455af9fe1e5][0m
[0m[1mmodule.aws.aws_security_group_rule.allow_web_worker: Refreshing state... [id=sgrule-2970670762][0m
[0m[1mmodule.aws.aws_security_group_rule.allow_9202_worker: Refreshing state... [id=sgrule-972500171][0m
[0m[1mmodule.aws.aws_security_group_rule.allow_ssh_worker: Refreshing state... [id=sgrule-1504899502][0m
[0m[1mmodule.aws.aws_security_group_rule.allow_egress_worker: Refreshing state... [id=sgrule-951133625][0m
[0m[1mmodule.aws.aws_security_group_rule.allow_any_ingress: Refreshing state... [id=sgrule-1314236029][0m
[0m[1mmodule.aws.aws_security_group_rule.allow_9201_controller: Refreshing state... [id=sgrule-1371591374][0m
[0m[1mmodule.aws.aws_security_group_rule.allow_9200_controller: Refreshing state... [id=sgrule-3017961165][0m
[0m[1mmodule.aws.aws_security_group_rule.allow_egress_controller: Refreshing state... [id=sgrule-1816399360][0m
[0m[1mmodule.aws.aws_security_group_rule.allow_controller_sg: Refreshing state... [id=sgrule-2643149068][0m
[0m[1mmodule.aws.aws_security_group_rule.allow_ssh_controller: Refreshing state... [id=sgrule-3581784293][0m
[0m[1mmodule.aws.aws_lb.controller: Refreshing state... [id=arn:aws:elasticloadbalancing:eu-central-1:874370287054:loadbalancer/net/boundary-controller-toucan/513cee72418ccaad][0m
[0m[1mmodule.aws.aws_db_subnet_group.boundary: Refreshing state... [id=boundary][0m
[0m[1mmodule.aws.aws_instance.target[0]: Refreshing state... [id=i-00e61f0d16a21d9e9][0m
[0m[1mmodule.aws.aws_nat_gateway.private[0]: Refreshing state... [id=nat-0903269d2dc86d8ed][0m
[0m[1mmodule.aws.aws_nat_gateway.private[1]: Refreshing state... [id=nat-0bde245e08298285d][0m
[0m[1mmodule.aws.aws_security_group_rule.allow_9200: Refreshing state... [id=sgrule-943014857][0m
[0m[1mmodule.aws.aws_route.public_internet_gateway[0]: Refreshing state... [id=r-rtb-06263a455af9fe1e51080289494][0m
[0m[1mmodule.aws.aws_route.public_internet_gateway[1]: Refreshing state... [id=r-rtb-09dba914f00b690fc1080289494][0m
[0m[1mmodule.aws.aws_route_table_association.public_subnets[0]: Refreshing state... [id=rtbassoc-0ae33ba4299686f24][0m
[0m[1mmodule.aws.aws_route_table_association.public_subnets[1]: Refreshing state... [id=rtbassoc-0f977e22bcc3c0412][0m
[0m[1mmodule.aws.aws_route_table_association.private[0]: Refreshing state... [id=rtbassoc-06472540dceeb6ed3][0m
[0m[1mmodule.aws.aws_route_table_association.private[1]: Refreshing state... [id=rtbassoc-0d268ac823aa1b636][0m
[0m[1mmodule.aws.aws_route.nat_gateway[0]: Refreshing state... [id=r-rtb-094fc4aa8db3ef7281080289494][0m
[0m[1mmodule.aws.aws_route.nat_gateway[1]: Refreshing state... [id=r-rtb-0dd0b60a60d6c153a1080289494][0m
[0m[1mmodule.aws.aws_db_instance.boundary: Refreshing state... [id=terraform-20210428205042778500000005][0m
[0m[1mmodule.aws.aws_instance.controller[0]: Refreshing state... [id=i-07fafdd7a2bbecb7a][0m
[0m[1mmodule.aws.aws_instance.controller[1]: Refreshing state... [id=i-095d13a165110a54d][0m
[0m[1mmodule.boundary.boundary_scope.global: Refreshing state... [id=global][0m
[0m[1mmodule.boundary.boundary_scope.org: Refreshing state... [id=o_NLegDVWYby][0m
[0m[1mmodule.boundary.boundary_role.global_anon_listing: Refreshing state... [id=r_NLuVSobppk][0m
[0m[1mmodule.boundary.boundary_role.org_anon_listing: Refreshing state... [id=r_RTe2uU9hRe][0m
[0m[1mmodule.boundary.boundary_auth_method.password: Refreshing state... [id=ampw_5ZVMoigeXx][0m
[0m[1mmodule.boundary.boundary_scope.core_infra: Refreshing state... [id=p_sXuTDH5ngL][0m
[0m[1mmodule.aws.aws_lb_target_group_attachment.controller[0]: Refreshing state... [id=arn:aws:elasticloadbalancing:eu-central-1:874370287054:targetgroup/boundary-controller-toucan/aa64c1872ade4517-20210428205456721800000007][0m
[0m[1mmodule.aws.aws_lb_target_group_attachment.controller[1]: Refreshing state... [id=arn:aws:elasticloadbalancing:eu-central-1:874370287054:targetgroup/boundary-controller-toucan/aa64c1872ade4517-20210428205456696500000006][0m
[0m[1mmodule.aws.aws_instance.worker[0]: Refreshing state... [id=i-06d64566cb3d719a9][0m
[0m[1mmodule.boundary.boundary_host_catalog.backend_servers: Refreshing state... [id=hcst_Gfun6QusY5][0m
[0m[1mmodule.boundary.boundary_account.backend_user_acct["jim"]: Refreshing state... [id=apw_bWrfefBEZ9][0m
[0m[1mmodule.boundary.boundary_account.backend_user_acct["mike"]: Refreshing state... [id=apw_lQ5B0WqFn1][0m
[0m[1mmodule.boundary.boundary_account.leadership_user_acct["malnick"]: Refreshing state... [id=apw_NSQAIycY14][0m
[0m[1mmodule.boundary.boundary_account.leadership_user_acct["jonathan"]: Refreshing state... [id=apw_94B1brEF3L][0m
[0m[1mmodule.boundary.boundary_account.leadership_user_acct["pete"]: Refreshing state... [id=apw_hkiSOTT6Cn][0m
[0m[1mmodule.boundary.boundary_account.leadership_user_acct["jeff"]: Refreshing state... [id=apw_wI8pnQpYMI][0m
[0m[1mmodule.boundary.boundary_account.backend_user_acct["todd"]: Refreshing state... [id=apw_dfBglRpSS6][0m
[0m[1mmodule.boundary.boundary_account.frontend_user_acct["randy"]: Refreshing state... [id=apw_LcURMY2xFo][0m
[0m[1mmodule.boundary.boundary_account.frontend_user_acct["susmitha"]: Refreshing state... [id=apw_698eTPfLRP][0m
[0m[1mmodule.boundary.boundary_host.backend_servers["10.0.100.13"]: Refreshing state... [id=hst_ZhUcq1OCFs][0m
[0m[1mmodule.boundary.boundary_user.leadership["jeff"]: Refreshing state... [id=u_rCYgTCA5uT][0m
[0m[1mmodule.boundary.boundary_user.leadership["jonathan"]: Refreshing state... [id=u_DlXcxXc7g6][0m
[0m[1mmodule.boundary.boundary_user.leadership["malnick"]: Refreshing state... [id=u_gDqYRqrIhx][0m
[0m[1mmodule.boundary.boundary_user.leadership["pete"]: Refreshing state... [id=u_ieitfWkQDr][0m
[0m[1mmodule.boundary.boundary_user.backend["todd"]: Refreshing state... [id=u_i9xFif6Qbn][0m
[0m[1mmodule.boundary.boundary_user.backend["jim"]: Refreshing state... [id=u_MA2vKhkamL][0m
[0m[1mmodule.boundary.boundary_user.backend["mike"]: Refreshing state... [id=u_94uYk7hVRt][0m
[0m[1mmodule.boundary.boundary_user.frontend["randy"]: Refreshing state... [id=u_4GyiXAfMJv][0m
[0m[1mmodule.boundary.boundary_user.frontend["susmitha"]: Refreshing state... [id=u_pOOhBuVP1P][0m
[0m[1mmodule.boundary.boundary_host_set.backend_servers: Refreshing state... [id=hsst_CBllvZosTU][0m
[0m[1mmodule.boundary.boundary_group.leadership: Refreshing state... [id=g_KOjUTPN04W][0m
[0m[1mmodule.boundary.boundary_group.backend_core_infra: Refreshing state... [id=g_ZhLmVrqC4S][0m
[0m[1mmodule.boundary.boundary_role.project_admin: Refreshing state... [id=r_2lPCJG9p84][0m
[0m[1mmodule.boundary.boundary_role.org_admin: Refreshing state... [id=r_gJqwzn74s6][0m
[0m[1mmodule.boundary.boundary_group.frontend_core_infra: Refreshing state... [id=g_pOQFMDIjHm][0m
[0m[1mmodule.boundary.boundary_target.backend_servers_ssh: Refreshing state... [id=ttcp_ZKDpOqqQpv][0m
[0m[1mmodule.boundary.boundary_target.backend_servers_website: Refreshing state... [id=ttcp_scHWvYyp3S][0m
[0m[1mmodule.boundary.boundary_role.org_readonly: Refreshing state... [id=r_WdNd7Csk8a][0m

Terraform used the selected providers to generate the following execution
plan. Resource actions are indicated with the following symbols:
  [32m+[0m create
[0m
Terraform will perform the following actions:

[1m  # module.aws.aws_lb_listener.controller[0m will be created[0m[0m
[0m  [32m+[0m[0m resource "aws_lb_listener" "controller" {
      [32m+[0m [0m[1m[0marn[0m[0m               = (known after apply)
      [32m+[0m [0m[1m[0mid[0m[0m                = (known after apply)
      [32m+[0m [0m[1m[0mload_balancer_arn[0m[0m = "arn:aws:elasticloadbalancing:eu-central-1:874370287054:loadbalancer/net/boundary-controller-toucan/513cee72418ccaad"
      [32m+[0m [0m[1m[0mport[0m[0m              = 9200
      [32m+[0m [0m[1m[0mprotocol[0m[0m          = "TCP"
      [32m+[0m [0m[1m[0mssl_policy[0m[0m        = (known after apply)

      [32m+[0m [0mdefault_action {
          [32m+[0m [0m[1m[0morder[0m[0m            = (known after apply)
          [32m+[0m [0m[1m[0mtarget_group_arn[0m[0m = "arn:aws:elasticloadbalancing:eu-central-1:874370287054:targetgroup/boundary-controller-toucan/aa64c1872ade4517"
          [32m+[0m [0m[1m[0mtype[0m[0m             = "forward"
        }
    }

[0m[1mPlan:[0m 1 to add, 0 to change, 0 to destroy.
[0m[33m╷[0m[0m
[33m│[0m [0m[1m[33mWarning: [0m[0m[1mVersion constraints inside provider configuration blocks are deprecated[0m
[33m│[0m [0m
[33m│[0m [0m[0m  on aws/net.tf line 2, in provider "aws":
[33m│[0m [0m   2:   version = [4m"~> 3.0"[0m[0m
[33m│[0m [0m
[33m│[0m [0mTerraform 0.13 and earlier allowed provider version constraints inside the provider configuration block, but that is now deprecated and will be removed in a future version of Terraform. To silence this warning, move the
[33m│[0m [0mprovider version constraint into the required_providers block.
[33m╵[0m[0m
[0m[1m
Do you want to perform these actions?[0m
  Terraform will perform the actions described above.
  Only 'yes' will be accepted to approve.

  [1mEnter a value:[0m [0m
[0m[1mmodule.aws.aws_lb_listener.controller: Creating...[0m[0m
[0m[1mmodule.aws.aws_lb_listener.controller: Creation complete after 0s [id=arn:aws:elasticloadbalancing:eu-central-1:874370287054:listener/net/boundary-controller-toucan/513cee72418ccaad/5cda87440e659038][0m
[0m[1m[32m
Apply complete! Resources: 1 added, 0 changed, 0 destroyed.
[0m